2022-06-02 13:17:48,602   DEBUG    client_log_config.py Отладочная информация
2022-06-02 13:17:48,602   INFO     client_log_config.py Информационное сообщение
2022-06-02 13:17:48,602   WARNING  client_log_config.py Внимание!
2022-06-02 13:17:48,602   ERROR    client_log_config.py Ошибка!
2022-06-02 13:17:48,602   CRITICAL client_log_config.py Все сломалось!
2022-06-02 13:18:36,463   INFO     client.py Установлено соединение (ip: 127.0.0.1, port: 7777)
2022-06-02 13:18:36,463   INFO     utils.py Сообщение отправлено
2022-06-02 13:18:36,463   INFO     utils.py Получены новые данные.
2022-06-02 13:19:07,429   INFO     client.py Установлено соединение (ip: 127.0.0.1, port: 7777)
2022-06-02 13:19:07,429   INFO     utils.py Сообщение отправлено
2022-06-02 13:19:07,429   INFO     utils.py Получены новые данные.
2022-06-06 16:15:29,072   DEBUG    log_deco.py 
 Вызов функции get_port_and_address_for_use с параметрами (), {'sender': 'client'}. 
 Вызов осуществлен из модуля common.utils. 
 Вызов осуществлен из функции main(). 

2022-06-06 16:15:30,101   WARNING  client.py Невозможно установить соединение - удаленный сервер не отвечает.
2022-06-06 16:15:57,506   DEBUG    log_deco.py 
 Вызов функции get_port_and_address_for_use с параметрами (), {'sender': 'client'}. 
 Вызов осуществлен из модуля common.utils. 
 Вызов осуществлен из функции main(). 

2022-06-06 16:15:58,520   WARNING  client.py Невозможно установить соединение - удаленный сервер не отвечает.
2022-06-06 16:25:21,833   DEBUG    log_deco.py 
 Вызов функции get_port_and_address_for_use с параметрами (), {'sender': 'client'}. 
 Вызов осуществлен из модуля common.utils. 
 Вызов осуществлен из функции main(). 

2022-06-06 16:25:21,833   INFO     client.py Установлено соединение (ip: 127.0.0.1, port: 7777)
2022-06-06 16:25:21,833   DEBUG    log_deco.py 
 Вызов функции make_presence_message с параметрами (), {}. 
 Вызов осуществлен из модуля __main__. 
 Вызов осуществлен из функции main(). 

2022-06-06 16:25:21,833   INFO     utils.py Сообщение отправлено
2022-06-06 16:25:21,833   DEBUG    log_deco.py 
 Вызов функции send_response с параметрами (<socket.socket fd=160, family=AddressFamily.AF_INET, type=SocketKind.SOCK_STREAM, proto=0, laddr=('127.0.0.1', 60789), raddr=('127.0.0.1', 7777)>, {'action': 'presence', 'time': 'Mon Jun  6 16:25:21 2022', 'user': {'account_name': 'Guest'}}, 'client'), {}. 
 Вызов осуществлен из модуля common.utils. 
 Вызов осуществлен из функции main(). 

2022-06-06 16:25:21,833   INFO     utils.py Получены новые данные.
2022-06-06 16:25:21,849   DEBUG    log_deco.py 
 Вызов функции get_response с параметрами (<socket.socket fd=160, family=AddressFamily.AF_INET, type=SocketKind.SOCK_STREAM, proto=0, laddr=('127.0.0.1', 60789), raddr=('127.0.0.1', 7777)>, 'client'), {}. 
 Вызов осуществлен из модуля common.utils. 
 Вызов осуществлен из функции main(). 

2022-06-06 16:25:21,849   DEBUG    log_deco.py 
 Вызов функции exam_server_message с параметрами ({'response': 200, 'time': 'Mon Jun  6 16:25:21 2022', 'text': 'Hello client!'},), {}. 
 Вызов осуществлен из модуля __main__. 
 Вызов осуществлен из функции main(). 

2022-06-06 16:25:21,849   DEBUG    log_deco.py 
 Вызов функции get_descriptive_output с параметрами ({'response': 200, 'time': 'Mon Jun  6 16:25:21 2022', 'text': 'Hello client!'},), {}. 
 Вызов осуществлен из модуля __main__. 
 Вызов осуществлен из функции main(). 

2022-06-06 16:43:34,856   DEBUG    log_deco.py 
 Вызов функции get_port_and_address_for_use с параметрами (), {'sender': 'client'}. 
 Вызов осуществлен из модуля common.utils. 
 Вызов осуществлен из функции main(). 

2022-06-06 16:43:34,856   INFO     client.py Установлено соединение (ip: 127.0.0.1, port: 7777)
2022-06-06 16:43:34,856   DEBUG    log_deco.py 
 Вызов функции make_presence_message с параметрами (), {}. 
 Вызов осуществлен из модуля __main__. 
 Вызов осуществлен из функции main(). 

2022-06-06 16:43:34,856   INFO     utils.py Сообщение отправлено
2022-06-06 16:43:34,871   DEBUG    log_deco.py 
 Вызов функции send_response с параметрами (<socket.socket fd=160, family=AddressFamily.AF_INET, type=SocketKind.SOCK_STREAM, proto=0, laddr=('127.0.0.1', 60879), raddr=('127.0.0.1', 7777)>, {'action': 'presence', 'time': 'Mon Jun  6 16:43:34 2022', 'user': {'account_name': 'Guest'}}, 'client'), {}. 
 Вызов осуществлен из модуля common.utils. 
 Вызов осуществлен из функции main(). 

2022-06-06 16:43:34,871   INFO     utils.py Получены новые данные.
2022-06-06 16:43:34,871   DEBUG    log_deco.py 
 Вызов функции get_response с параметрами (<socket.socket fd=160, family=AddressFamily.AF_INET, type=SocketKind.SOCK_STREAM, proto=0, laddr=('127.0.0.1', 60879), raddr=('127.0.0.1', 7777)>, 'client'), {}. 
 Вызов осуществлен из модуля common.utils. 
 Вызов осуществлен из функции main(). 

2022-06-06 16:43:34,871   DEBUG    log_deco.py 
 Вызов функции exam_server_message с параметрами ({'response': 200, 'time': 'Mon Jun  6 16:43:34 2022', 'text': 'Hello client!'},), {}. 
 Вызов осуществлен из модуля __main__. 
 Вызов осуществлен из функции main(). 

2022-06-06 16:43:34,871   DEBUG    log_deco.py 
 Вызов функции get_descriptive_output с параметрами ({'response': 200, 'time': 'Mon Jun  6 16:43:34 2022', 'text': 'Hello client!'},), {}. 
 Вызов осуществлен из модуля __main__. 
 Вызов осуществлен из функции main(). 

