2022-12-17 00:43:12,319   DEBUG    log_deco.py     Вызов функции main. Из модуля __main__. Из из функции main(). Параметры: (), {}
2022-12-17 00:43:12,331   DEBUG    log_deco.py     Вызов функции config_load. Из модуля __main__. Из из функции main(). Параметры: (), {}
2022-12-17 00:44:32,480   DEBUG    log_deco.py     Вызов функции main. Из модуля __main__. Из из функции main(). Параметры: (), {}
2022-12-17 00:44:32,481   DEBUG    log_deco.py     Вызов функции config_load. Из модуля __main__. Из из функции main(). Параметры: (), {}
2022-12-17 00:44:32,484   INFO     start_server_app.py Обработка аргументов коммандной строки прошла успешно.
2022-12-19 14:48:17,357   DEBUG    log_deco.py     Вызов функции main. Из модуля __main__. Из из функции main(). Параметры: (), {}
2022-12-19 14:48:17,357   DEBUG    log_deco.py     Вызов функции config_load. Из модуля __main__. Из из функции main(). Параметры: (), {}
2022-12-19 14:48:17,357   INFO     start_server_app.py Обработка аргументов коммандной строки прошла успешно.
2022-12-19 14:48:18,496   INFO     server_core.py  Запущен сервер, порт для подключений: 7777 , адрес с которого принимаются подключения: . Если адрес не указан, принимаются соединения с любых адресов.
2022-12-19 14:55:23,332   DEBUG    log_deco.py     Вызов функции main. Из модуля __main__. Из из функции main(). Параметры: (), {}
2022-12-19 14:55:23,332   DEBUG    log_deco.py     Вызов функции config_load. Из модуля __main__. Из из функции main(). Параметры: (), {}
2022-12-19 14:55:23,332   INFO     start_server_app.py Обработка аргументов коммандной строки прошла успешно.
2022-12-19 14:55:23,690   INFO     server_core.py  Запущен сервер, порт для подключений: 7777 , адрес с которого принимаются подключения: . Если адрес не указан, принимаются соединения с любых адресов.
2022-12-19 23:26:39,049   DEBUG    log_deco.py     Вызов функции main. Из модуля __main__. Из из функции main(). Параметры: (), {}
2022-12-19 23:26:39,053   DEBUG    log_deco.py     Вызов функции config_load. Из модуля __main__. Из из функции main(). Параметры: (), {}
2022-12-19 23:26:39,067   INFO     start_server_app.py Обработка аргументов коммандной строки прошла успешно.
2022-12-19 23:26:39,229   INFO     server_core.py  Запущен сервер, порт для подключений: 7777.Адрес с которого принимаются подключения: . Если адрес не указан, принимаются соединения с любых адресов.
2022-12-19 23:27:19,708   DEBUG    log_deco.py     Вызов функции main. Из модуля __main__. Из из функции main(). Параметры: (), {}
2022-12-19 23:27:19,710   DEBUG    log_deco.py     Вызов функции config_load. Из модуля __main__. Из из функции main(). Параметры: (), {}
2022-12-19 23:27:19,714   INFO     start_server_app.py Обработка аргументов коммандной строки прошла успешно.
2022-12-19 23:27:19,780   INFO     server_core.py  Запущен сервер, порт для подключений: 7777.Адрес с которого принимаются подключения: . Если адрес не указан, принимаются соединения с любых адресов.
2022-12-19 23:31:37,695   DEBUG    log_deco.py     Вызов функции main. Из модуля __main__. Из из функции main(). Параметры: (), {}
2022-12-19 23:31:37,696   DEBUG    log_deco.py     Вызов функции config_load. Из модуля __main__. Из из функции main(). Параметры: (), {}
2022-12-19 23:31:37,701   INFO     start_server_app.py Обработка аргументов коммандной строки прошла успешно.
2022-12-19 23:31:37,816   INFO     server_core.py  Запущен сервер, порт для подключений: 7777.Адрес с которого принимаются подключения: . Если адрес не указан, принимаются соединения с любых адресов.
2022-12-19 23:32:23,816   INFO     server_core.py  Установлено новое соединение -  ('127.0.0.1', 43726)
2022-12-19 23:32:24,322   DEBUG    log_deco.py     Вызов функции get_response. Из модуля mainapp.common.utils. Из из функции self._bootstrap_inner(). Параметры: (<socket.socket fd=24, family=AddressFamily.AF_INET, type=SocketKind.SOCK_STREAM, proto=0, laddr=('127.0.0.1', 7777), raddr=('127.0.0.1', 43726)>,), {'sender': 'server'}
2022-12-19 23:32:24,322   DEBUG    utils.py        Ожидается сообщение от server
2022-12-19 23:32:24,323   INFO     utils.py        Получены новые данные от server.
2022-12-19 23:32:24,324   DEBUG    log_deco.py     Вызов функции process_client_message. Из модуля mainapp.server_app.server_core. Из из функции self._bootstrap_inner(). Параметры: (<MessageProcessor(Thread-1, started daemon 140525973833472)>, {'action': 'presence', 'time': 1671481943.8360138, 'user': {'account_name': 'Maksim', 'public_key': '-----BEGIN PUBLIC KEY-----\nMIIBIjANBgkqhkiG9w0BAQEFAAOCAQ8AMIIBCgKCAQEA9JuFEgpZCepfGBRNB3Bm\nlTVhzvYLJWD/EbIvgXA+fwOOfyQfY/RIPBZrMu4p1uvxAleuZV5QNEZ65KfsLRT0\nojT/HWwXKjln1puXh4ywh6SeVKIq0V+j+miK2jBZKiCdPT3ktJ4e5UUc90gOeC1X\nvv1PilJo5u5aBzmF0KsmTkrFa4JDrqGHHh5og9FOXZtoQCZDxL86We1T0G1oeIVX\n1WbaRK7jzZ7Wm+r8iDuDPxa8J5uuVv2hCt0fFUdZqaz2qBo5PkQMI5qmKjS0yZY/\n6Gi87GD4T0new09lyZf2c1p9gfYbpRgtRLrH2HBG6tdWRXOuTJv2Dyi28cbQ2gLT\nBwIDAQAB\n-----END PUBLIC KEY-----'}}, <socket.socket fd=24, family=AddressFamily.AF_INET, type=SocketKind.SOCK_STREAM, proto=0, laddr=('127.0.0.1', 7777), raddr=('127.0.0.1', 43726)>), {}
2022-12-19 23:32:24,324   DEBUG    server_core.py  Разбор сообщения от клиента : {'action': 'presence', 'time': 1671481943.8360138, 'user': {'account_name': 'Maksim', 'public_key': '-----BEGIN PUBLIC KEY-----\nMIIBIjANBgkqhkiG9w0BAQEFAAOCAQ8AMIIBCgKCAQEA9JuFEgpZCepfGBRNB3Bm\nlTVhzvYLJWD/EbIvgXA+fwOOfyQfY/RIPBZrMu4p1uvxAleuZV5QNEZ65KfsLRT0\nojT/HWwXKjln1puXh4ywh6SeVKIq0V+j+miK2jBZKiCdPT3ktJ4e5UUc90gOeC1X\nvv1PilJo5u5aBzmF0KsmTkrFa4JDrqGHHh5og9FOXZtoQCZDxL86We1T0G1oeIVX\n1WbaRK7jzZ7Wm+r8iDuDPxa8J5uuVv2hCt0fFUdZqaz2qBo5PkQMI5qmKjS0yZY/\n6Gi87GD4T0new09lyZf2c1p9gfYbpRgtRLrH2HBG6tdWRXOuTJv2Dyi28cbQ2gLT\nBwIDAQAB\n-----END PUBLIC KEY-----'}}
2022-12-19 23:32:24,324   DEBUG    server_core.py  Запущен процесс авторизации для пользователя {'account_name': 'Maksim', 'public_key': '-----BEGIN PUBLIC KEY-----\nMIIBIjANBgkqhkiG9w0BAQEFAAOCAQ8AMIIBCgKCAQEA9JuFEgpZCepfGBRNB3Bm\nlTVhzvYLJWD/EbIvgXA+fwOOfyQfY/RIPBZrMu4p1uvxAleuZV5QNEZ65KfsLRT0\nojT/HWwXKjln1puXh4ywh6SeVKIq0V+j+miK2jBZKiCdPT3ktJ4e5UUc90gOeC1X\nvv1PilJo5u5aBzmF0KsmTkrFa4JDrqGHHh5og9FOXZtoQCZDxL86We1T0G1oeIVX\n1WbaRK7jzZ7Wm+r8iDuDPxa8J5uuVv2hCt0fFUdZqaz2qBo5PkQMI5qmKjS0yZY/\n6Gi87GD4T0new09lyZf2c1p9gfYbpRgtRLrH2HBG6tdWRXOuTJv2Dyi28cbQ2gLT\nBwIDAQAB\n-----END PUBLIC KEY-----'}
2022-12-20 17:46:40,755   DEBUG    log_deco.py     Вызов функции main. Из модуля __main__. Из из функции main(). Параметры: (), {}
2022-12-20 17:46:40,763   DEBUG    log_deco.py     Вызов функции config_load. Из модуля __main__. Из из функции main(). Параметры: (), {}
2022-12-20 17:46:40,768   INFO     start_server_app.py Обработка аргументов коммандной строки прошла успешно.
2022-12-20 17:46:40,892   INFO     server_core.py  Запущен сервер, порт для подключений: 7777.Адрес с которого принимаются подключения: . Если адрес не указан, принимаются соединения с любых адресов.
2022-12-20 17:50:55,251   INFO     server_core.py  Установлено новое соединение -  ('127.0.0.1', 50998)
2022-12-20 17:50:55,760   DEBUG    log_deco.py     Вызов функции get_response. Из модуля mainapp.common.utils. Из из функции self._bootstrap_inner(). Параметры: (<socket.socket fd=24, family=AddressFamily.AF_INET, type=SocketKind.SOCK_STREAM, proto=0, laddr=('127.0.0.1', 7777), raddr=('127.0.0.1', 50998)>,), {'sender': 'server'}
2022-12-20 17:50:55,762   DEBUG    utils.py        Ожидается сообщение от server
2022-12-20 17:50:55,762   INFO     utils.py        Получены новые данные от server.
2022-12-20 17:50:55,763   DEBUG    log_deco.py     Вызов функции process_client_message. Из модуля mainapp.server_app.server_core. Из из функции self._bootstrap_inner(). Параметры: (<MessageProcessor(Thread-1, started daemon 140252886095616)>, {'action': 'presence', 'time': 1671547855.285838, 'user': {'account_name': 'Maksim', 'public_key': '-----BEGIN PUBLIC KEY-----\nMIIBIjANBgkqhkiG9w0BAQEFAAOCAQ8AMIIBCgKCAQEA9JuFEgpZCepfGBRNB3Bm\nlTVhzvYLJWD/EbIvgXA+fwOOfyQfY/RIPBZrMu4p1uvxAleuZV5QNEZ65KfsLRT0\nojT/HWwXKjln1puXh4ywh6SeVKIq0V+j+miK2jBZKiCdPT3ktJ4e5UUc90gOeC1X\nvv1PilJo5u5aBzmF0KsmTkrFa4JDrqGHHh5og9FOXZtoQCZDxL86We1T0G1oeIVX\n1WbaRK7jzZ7Wm+r8iDuDPxa8J5uuVv2hCt0fFUdZqaz2qBo5PkQMI5qmKjS0yZY/\n6Gi87GD4T0new09lyZf2c1p9gfYbpRgtRLrH2HBG6tdWRXOuTJv2Dyi28cbQ2gLT\nBwIDAQAB\n-----END PUBLIC KEY-----'}}, <socket.socket fd=24, family=AddressFamily.AF_INET, type=SocketKind.SOCK_STREAM, proto=0, laddr=('127.0.0.1', 7777), raddr=('127.0.0.1', 50998)>), {}
2022-12-20 17:50:55,769   DEBUG    server_core.py  Разбор сообщения от клиента : {'action': 'presence', 'time': 1671547855.285838, 'user': {'account_name': 'Maksim', 'public_key': '-----BEGIN PUBLIC KEY-----\nMIIBIjANBgkqhkiG9w0BAQEFAAOCAQ8AMIIBCgKCAQEA9JuFEgpZCepfGBRNB3Bm\nlTVhzvYLJWD/EbIvgXA+fwOOfyQfY/RIPBZrMu4p1uvxAleuZV5QNEZ65KfsLRT0\nojT/HWwXKjln1puXh4ywh6SeVKIq0V+j+miK2jBZKiCdPT3ktJ4e5UUc90gOeC1X\nvv1PilJo5u5aBzmF0KsmTkrFa4JDrqGHHh5og9FOXZtoQCZDxL86We1T0G1oeIVX\n1WbaRK7jzZ7Wm+r8iDuDPxa8J5uuVv2hCt0fFUdZqaz2qBo5PkQMI5qmKjS0yZY/\n6Gi87GD4T0new09lyZf2c1p9gfYbpRgtRLrH2HBG6tdWRXOuTJv2Dyi28cbQ2gLT\nBwIDAQAB\n-----END PUBLIC KEY-----'}}
2022-12-20 17:50:55,771   DEBUG    server_core.py  Запущен процесс авторизации для пользователя {'account_name': 'Maksim', 'public_key': '-----BEGIN PUBLIC KEY-----\nMIIBIjANBgkqhkiG9w0BAQEFAAOCAQ8AMIIBCgKCAQEA9JuFEgpZCepfGBRNB3Bm\nlTVhzvYLJWD/EbIvgXA+fwOOfyQfY/RIPBZrMu4p1uvxAleuZV5QNEZ65KfsLRT0\nojT/HWwXKjln1puXh4ywh6SeVKIq0V+j+miK2jBZKiCdPT3ktJ4e5UUc90gOeC1X\nvv1PilJo5u5aBzmF0KsmTkrFa4JDrqGHHh5og9FOXZtoQCZDxL86We1T0G1oeIVX\n1WbaRK7jzZ7Wm+r8iDuDPxa8J5uuVv2hCt0fFUdZqaz2qBo5PkQMI5qmKjS0yZY/\n6Gi87GD4T0new09lyZf2c1p9gfYbpRgtRLrH2HBG6tdWRXOuTJv2Dyi28cbQ2gLT\nBwIDAQAB\n-----END PUBLIC KEY-----'}
2022-12-20 21:34:30,408   DEBUG    log_deco.py     Вызов функции main. Из модуля __main__. Из из функции main(). Параметры: (), {}
2022-12-20 21:34:30,413   DEBUG    log_deco.py     Вызов функции config_load. Из модуля __main__. Из из функции main(). Параметры: (), {}
2022-12-20 21:34:30,425   INFO     start_server_app.py Обработка аргументов коммандной строки прошла успешно.
2022-12-20 21:34:30,607   INFO     server_core.py  Запущен сервер, порт для подключений: 7777.Адрес с которого принимаются подключения: . Если адрес не указан, принимаются соединения с любых адресов.
2022-12-20 22:54:31,903   DEBUG    log_deco.py     Вызов функции main. Из модуля __main__. Из из функции main(). Параметры: (), {}
2022-12-20 22:54:31,904   DEBUG    log_deco.py     Вызов функции config_load. Из модуля __main__. Из из функции main(). Параметры: (), {}
2022-12-20 22:54:31,912   INFO     start_server_app.py Обработка аргументов коммандной строки прошла успешно.
2022-12-20 22:54:32,033   INFO     server_core.py  Запущен сервер, порт для подключений: 7777.Адрес с которого принимаются подключения: . Если адрес не указан, принимаются соединения с любых адресов.
2022-12-20 22:55:42,438   DEBUG    log_deco.py     Вызов функции main. Из модуля __main__. Из из функции main(). Параметры: (), {}
2022-12-20 22:55:42,442   DEBUG    log_deco.py     Вызов функции config_load. Из модуля __main__. Из из функции main(). Параметры: (), {}
2022-12-20 22:55:42,468   INFO     start_server_app.py Обработка аргументов коммандной строки прошла успешно.
2022-12-20 22:55:42,624   INFO     server_core.py  Запущен сервер, порт для подключений: 7777.Адрес с которого принимаются подключения: . Если адрес не указан, принимаются соединения с любых адресов.
